E, [2018-10-23T11:01:19.462325 #47608] ERROR -- Kitchen: ------Exception-------
E, [2018-10-23T11:01:19.462465 #47608] ERROR -- Kitchen: Class: Kitchen::ClientError
E, [2018-10-23T11:01:19.462516 #47608] ERROR -- Kitchen: Message: Could not load the 'terraform' driver from the load path. Please ensure that your driver is installed as a gem or included in your Gemfile if using Bundler.
E, [2018-10-23T11:01:19.462544 #47608] ERROR -- Kitchen: ----------------------
E, [2018-10-23T11:01:19.462579 #47608] ERROR -- Kitchen: ------Backtrace-------
E, [2018-10-23T11:01:19.462630 #47608] ERROR -- Kitchen: /opt/chefdk/embedded/lib/ruby/gems/2.4.0/gems/test-kitchen-1.22.1/lib/kitchen/driver.rb:48:in `rescue in for_plugin'
E, [2018-10-23T11:01:19.462709 #47608] ERROR -- Kitchen: /opt/chefdk/embedded/lib/ruby/gems/2.4.0/gems/test-kitchen-1.22.1/lib/kitchen/driver.rb:37:in `for_plugin'
E, [2018-10-23T11:01:19.462752 #47608] ERROR -- Kitchen: /opt/chefdk/embedded/lib/ruby/gems/2.4.0/gems/test-kitchen-1.22.1/lib/kitchen/config.rb:234:in `new_driver'
E, [2018-10-23T11:01:19.462779 #47608] ERROR -- Kitchen: /opt/chefdk/embedded/lib/ruby/gems/2.4.0/gems/test-kitchen-1.22.1/lib/kitchen/config.rb:247:in `new_instance'
E, [2018-10-23T11:01:19.462819 #47608] ERROR -- Kitchen: /opt/chefdk/embedded/lib/ruby/gems/2.4.0/gems/test-kitchen-1.22.1/lib/kitchen/config.rb:142:in `block in build_instances'
E, [2018-10-23T11:01:19.462844 #47608] ERROR -- Kitchen: /opt/chefdk/embedded/lib/ruby/gems/2.4.0/gems/test-kitchen-1.22.1/lib/kitchen/config.rb:141:in `map'
E, [2018-10-23T11:01:19.462882 #47608] ERROR -- Kitchen: /opt/chefdk/embedded/lib/ruby/gems/2.4.0/gems/test-kitchen-1.22.1/lib/kitchen/config.rb:141:in `with_index'
E, [2018-10-23T11:01:19.462907 #47608] ERROR -- Kitchen: /opt/chefdk/embedded/lib/ruby/gems/2.4.0/gems/test-kitchen-1.22.1/lib/kitchen/config.rb:141:in `build_instances'
E, [2018-10-23T11:01:19.462932 #47608] ERROR -- Kitchen: /opt/chefdk/embedded/lib/ruby/gems/2.4.0/gems/test-kitchen-1.22.1/lib/kitchen/config.rb:117:in `instances'
E, [2018-10-23T11:01:19.462971 #47608] ERROR -- Kitchen: /opt/chefdk/embedded/lib/ruby/gems/2.4.0/gems/test-kitchen-1.22.1/lib/kitchen/command.rb:112:in `filtered_instances'
E, [2018-10-23T11:01:19.462995 #47608] ERROR -- Kitchen: /opt/chefdk/embedded/lib/ruby/gems/2.4.0/gems/test-kitchen-1.22.1/lib/kitchen/command.rb:142:in `parse_subcommand'
E, [2018-10-23T11:01:19.463032 #47608] ERROR -- Kitchen: /opt/chefdk/embedded/lib/ruby/gems/2.4.0/gems/test-kitchen-1.22.1/lib/kitchen/command/list.rb:30:in `call'
E, [2018-10-23T11:01:19.463057 #47608] ERROR -- Kitchen: /opt/chefdk/embedded/lib/ruby/gems/2.4.0/gems/test-kitchen-1.22.1/lib/kitchen/cli.rb:52:in `perform'
E, [2018-10-23T11:01:19.463082 #47608] ERROR -- Kitchen: /opt/chefdk/embedded/lib/ruby/gems/2.4.0/gems/test-kitchen-1.22.1/lib/kitchen/cli.rb:120:in `list'
E, [2018-10-23T11:01:19.463120 #47608] ERROR -- Kitchen: /opt/chefdk/embedded/lib/ruby/gems/2.4.0/gems/thor-0.19.1/lib/thor/command.rb:27:in `run'
E, [2018-10-23T11:01:19.463153 #47608] ERROR -- Kitchen: /opt/chefdk/embedded/lib/ruby/gems/2.4.0/gems/thor-0.19.1/lib/thor/invocation.rb:126:in `invoke_command'
E, [2018-10-23T11:01:19.463191 #47608] ERROR -- Kitchen: /opt/chefdk/embedded/lib/ruby/gems/2.4.0/gems/thor-0.19.1/lib/thor.rb:359:in `dispatch'
E, [2018-10-23T11:01:19.463216 #47608] ERROR -- Kitchen: /opt/chefdk/embedded/lib/ruby/gems/2.4.0/gems/thor-0.19.1/lib/thor/base.rb:440:in `start'
E, [2018-10-23T11:01:19.463254 #47608] ERROR -- Kitchen: /opt/chefdk/embedded/lib/ruby/gems/2.4.0/gems/test-kitchen-1.22.1/bin/kitchen:13:in `block in <top (required)>'
E, [2018-10-23T11:01:19.463286 #47608] ERROR -- Kitchen: /opt/chefdk/embedded/lib/ruby/gems/2.4.0/gems/test-kitchen-1.22.1/lib/kitchen/errors.rb:171:in `with_friendly_errors'
E, [2018-10-23T11:01:19.463343 #47608] ERROR -- Kitchen: /opt/chefdk/embedded/lib/ruby/gems/2.4.0/gems/test-kitchen-1.22.1/bin/kitchen:13:in `<top (required)>'
E, [2018-10-23T11:01:19.463365 #47608] ERROR -- Kitchen: /usr/local/bin/kitchen:267:in `load'
E, [2018-10-23T11:01:19.463422 #47608] ERROR -- Kitchen: /usr/local/bin/kitchen:267:in `<main>'
E, [2018-10-23T11:01:19.463471 #47608] ERROR -- Kitchen: ----End Backtrace-----
E, [2018-10-23T11:01:19.463507 #47608] ERROR -- Kitchen: ---Nested Exception---
E, [2018-10-23T11:01:19.463537 #47608] ERROR -- Kitchen: Class: LoadError
E, [2018-10-23T11:01:19.463570 #47608] ERROR -- Kitchen: Message: cannot load such file -- kitchen/driver/terraform
E, [2018-10-23T11:01:19.463621 #47608] ERROR -- Kitchen: ----------------------
E, [2018-10-23T11:01:19.463685 #47608] ERROR -- Kitchen: ------Backtrace-------
E, [2018-10-23T11:01:19.463708 #47608] ERROR -- Kitchen: /opt/chefdk/embedded/lib/ruby/gems/2.4.0/gems/test-kitchen-1.22.1/lib/kitchen/driver.rb:48:in `rescue in for_plugin'
E, [2018-10-23T11:01:19.463779 #47608] ERROR -- Kitchen: /opt/chefdk/embedded/lib/ruby/gems/2.4.0/gems/test-kitchen-1.22.1/lib/kitchen/driver.rb:37:in `for_plugin'
E, [2018-10-23T11:01:19.463847 #47608] ERROR -- Kitchen: /opt/chefdk/embedded/lib/ruby/gems/2.4.0/gems/test-kitchen-1.22.1/lib/kitchen/config.rb:234:in `new_driver'
E, [2018-10-23T11:01:19.463871 #47608] ERROR -- Kitchen: /opt/chefdk/embedded/lib/ruby/gems/2.4.0/gems/test-kitchen-1.22.1/lib/kitchen/config.rb:247:in `new_instance'
E, [2018-10-23T11:01:19.463929 #47608] ERROR -- Kitchen: /opt/chefdk/embedded/lib/ruby/gems/2.4.0/gems/test-kitchen-1.22.1/lib/kitchen/config.rb:142:in `block in build_instances'
E, [2018-10-23T11:01:19.463970 #47608] ERROR -- Kitchen: /opt/chefdk/embedded/lib/ruby/gems/2.4.0/gems/test-kitchen-1.22.1/lib/kitchen/config.rb:141:in `map'
E, [2018-10-23T11:01:19.464003 #47608] ERROR -- Kitchen: /opt/chefdk/embedded/lib/ruby/gems/2.4.0/gems/test-kitchen-1.22.1/lib/kitchen/config.rb:141:in `with_index'
E, [2018-10-23T11:01:19.464025 #47608] ERROR -- Kitchen: /opt/chefdk/embedded/lib/ruby/gems/2.4.0/gems/test-kitchen-1.22.1/lib/kitchen/config.rb:141:in `build_instances'
E, [2018-10-23T11:01:19.464074 #47608] ERROR -- Kitchen: /opt/chefdk/embedded/lib/ruby/gems/2.4.0/gems/test-kitchen-1.22.1/lib/kitchen/config.rb:117:in `instances'
E, [2018-10-23T11:01:19.464095 #47608] ERROR -- Kitchen: /opt/chefdk/embedded/lib/ruby/gems/2.4.0/gems/test-kitchen-1.22.1/lib/kitchen/command.rb:112:in `filtered_instances'
E, [2018-10-23T11:01:19.464141 #47608] ERROR -- Kitchen: /opt/chefdk/embedded/lib/ruby/gems/2.4.0/gems/test-kitchen-1.22.1/lib/kitchen/command.rb:142:in `parse_subcommand'
E, [2018-10-23T11:01:19.464162 #47608] ERROR -- Kitchen: /opt/chefdk/embedded/lib/ruby/gems/2.4.0/gems/test-kitchen-1.22.1/lib/kitchen/command/list.rb:30:in `call'
E, [2018-10-23T11:01:19.464183 #47608] ERROR -- Kitchen: /opt/chefdk/embedded/lib/ruby/gems/2.4.0/gems/test-kitchen-1.22.1/lib/kitchen/cli.rb:52:in `perform'
E, [2018-10-23T11:01:19.464204 #47608] ERROR -- Kitchen: /opt/chefdk/embedded/lib/ruby/gems/2.4.0/gems/test-kitchen-1.22.1/lib/kitchen/cli.rb:120:in `list'
E, [2018-10-23T11:01:19.464225 #47608] ERROR -- Kitchen: /opt/chefdk/embedded/lib/ruby/gems/2.4.0/gems/thor-0.19.1/lib/thor/command.rb:27:in `run'
E, [2018-10-23T11:01:19.464265 #47608] ERROR -- Kitchen: /opt/chefdk/embedded/lib/ruby/gems/2.4.0/gems/thor-0.19.1/lib/thor/invocation.rb:126:in `invoke_command'
E, [2018-10-23T11:01:19.464286 #47608] ERROR -- Kitchen: /opt/chefdk/embedded/lib/ruby/gems/2.4.0/gems/thor-0.19.1/lib/thor.rb:359:in `dispatch'
E, [2018-10-23T11:01:19.464307 #47608] ERROR -- Kitchen: /opt/chefdk/embedded/lib/ruby/gems/2.4.0/gems/thor-0.19.1/lib/thor/base.rb:440:in `start'
E, [2018-10-23T11:01:19.464332 #47608] ERROR -- Kitchen: /opt/chefdk/embedded/lib/ruby/gems/2.4.0/gems/test-kitchen-1.22.1/bin/kitchen:13:in `block in <top (required)>'
E, [2018-10-23T11:01:19.464353 #47608] ERROR -- Kitchen: /opt/chefdk/embedded/lib/ruby/gems/2.4.0/gems/test-kitchen-1.22.1/lib/kitchen/errors.rb:171:in `with_friendly_errors'
E, [2018-10-23T11:01:19.464374 #47608] ERROR -- Kitchen: /opt/chefdk/embedded/lib/ruby/gems/2.4.0/gems/test-kitchen-1.22.1/bin/kitchen:13:in `<top (required)>'
E, [2018-10-23T11:01:19.464395 #47608] ERROR -- Kitchen: /usr/local/bin/kitchen:267:in `load'
E, [2018-10-23T11:01:19.464427 #47608] ERROR -- Kitchen: /usr/local/bin/kitchen:267:in `<main>'
E, [2018-10-23T11:01:19.464449 #47608] ERROR -- Kitchen: ----End Backtrace-----
